__
Checking for directory "./2303/KriuchkovAA"
 Directory                ...	Exists!
Checking /paper_base directory for .pdf files
 Directory                ...	Exists!
 .pdf files found:
  fatigue_modelling.pdf
  FRMS Implementation Guide for Operators July 2011.pdf
  safety-fatigueriskbrochureweb-2012.pdf
  CrewAlert_v2.3.pdf
Checking for fact_result.md
 fact_result.md           ...	does not exist!
Checking for purpose-statement files...
     problem.md               ...	Exists!
     research_object.md       ...	Exists!
     research_subject.md      ...	Exists!
     goal.md                  ...	Exists!
     tasks.md                 ...	Exists!
     relevance.md             ...	Exists!
 All required files exist!
  Counting symbols...
    problem.md               ...	131 symbols
    research_object.md       ...	19 symbols
    research_subject.md      ...	54 symbols
    goal.md                  ...	82 symbols
    tasks.md                 ...	204 symbols
    relevance.md             ...	523 symbols
  All files               ...	1013 symbols
  Number of symbols in purpose statement's        ...	Good.
Checking for analogs.md
 analogs.md               ...	does not exist!
Checking for solution_method_selection.md
 solution_method_selection.md       ...	does not exist!
Checking for solution_method_description.md
 solution_method_description.md     ...	does not exist!
Checking for solution_method_evaluation.md
 solution_method_evaluation.md      ...	does not exist!
Checking for conclusions.md
 conclusions.md                     ...	does not exist!
Checking for abstract.md
 abstract.md                        ...	Exists!
    abstract.md              ...	471 symbols
  Number of symbols in abstract.md                                    ...	Good.
Checking for paper.md
 paper.md                           ...	Exists!
Checking for paper.pdf
 paper.pdf                          ...	does not exist!
Checking for paper.docx/odt/tex
 paper.docx/odt/tex                 ...	Exists!
2303/MokretsovRM
