__
Checking for directory "./2303/AvakyanAR"
 Directory                ...	Exists!
Checking /paper_base directory for .pdf files
 Directory                ...	Exists!
 .pdf files found:
  Часть 1.pdf
Checking for fact_result.md
 fact_result.md           ...	Exists!
    fact_result.md           ...	Empty!
  Number of symbols in fact_result.md             ...	Not enough. Min = 1200
Checking for purpose-statement files...
     problem.md               ...	Exists!
     research_object.md       ...	Exists!
     research_subject.md      ...	Exists!
     goal.md                  ...	Exists!
     tasks.md                 ...	Exists!
     relevance.md             ...	Exists!
 All required files exist!
  Counting symbols...
    problem.md               ...	Empty!
    research_object.md       ...	Empty!
    research_subject.md      ...	Empty!
    goal.md                  ...	Empty!
    tasks.md                 ...	Empty!
    relevance.md             ...	Empty!
  All files are empty!
  Number of symbols in purpose statement's        ...	Not enough. Min = 300
Checking for analogs.md
 analogs.md               ...	does not exist!
Checking for solution_method_selection.md
 solution_method_selection.md       ...	Exists!
    solution_method_selection.md...	Empty!
  Number of symbols in solution_method_selection.md                   ...	Not enough. Min = 1000
Checking for solution_method_description.md
 solution_method_description.md     ...	Exists!
    solution_method_description.md...	Empty!
  Number of symbols in solution_method_description.md                 ...	Not enough. Min = 3000
  There is no Description title!
  There is no Sources title!
Checking for solution_method_evaluation.md
 solution_method_evaluation.md      ...	does not exist!
Checking for conclusions.md
 conclusions.md                     ...	Exists!
    conclusions.md           ...	Empty!
  Number of symbols in conclusions.md                                 ...	Not enough. Min = 500
Checking for abstract.md
 abstract.md                        ...	Exists!
    abstract.md              ...	Empty!
  Number of symbols in abstract.md                                    ...	Not enough. Min = 400
Checking for paper.md
 paper.md                           ...	Exists!
Checking for paper.pdf
 paper.pdf                          ...	does not exist!
Checking for paper.docx/odt/tex
 paper.docx/odt/tex                 ...	does not exist!
2303/ZaborovskiyEV
