__
Checking for directory "./2303/Kanushin_MS"
 Directory                ...	Exists!
Checking /paper_base directory for .pdf files
 Directory                ...	Exists!
 .pdf files found:
  SEIM_2017_paper.pdf
Checking for fact_result.md
 fact_result.md           ...	Exists!
    fact_result.md           ...	2003 symbols
  Number of symbols in fact_result.md             ...	Good.
Checking for purpose-statement files...
     problem.md               ...	Exists!
     research_object.md       ...	Exists!
     research_subject.md      ...	Exists!
     goal.md                  ...	Exists!
     tasks.md                 ...	Exists!
     relevance.md             ...	Exists!
 All required files exist!
  Counting symbols...
    problem.md               ...	217 symbols
    research_object.md       ...	45 symbols
    research_subject.md      ...	65 symbols
    goal.md                  ...	132 symbols
    tasks.md                 ...	117 symbols
    relevance.md             ...	432 symbols
  All files               ...	1008 symbols
  Number of symbols in purpose statement's        ...	Good.
Checking for analogs.md
 analogs.md               ...	does not exist!
Checking for solution_method_selection.md
 solution_method_selection.md       ...	Exists!
    solution_method_selection.md...	937 symbols
  Number of symbols in solution_method_selection.md                   ...	Not enough. Min = 1000
Checking for solution_method_description.md
 solution_method_description.md     ...	Exists!
    solution_method_description.md...	1029 symbols
  Number of symbols in solution_method_description.md                 ...	Not enough. Min = 3000
  There is no Description title!
  There is no Sources title!
Checking for solution_method_evaluation.md
 solution_method_evaluation.md      ...	does not exist!
Checking for conclusions.md
 conclusions.md                     ...	does not exist!
Checking for abstract.md
 abstract.md                        ...	Exists!
    abstract.md              ...	602 symbols
  Number of symbols in abstract.md                                    ...	Good.
Checking for paper.md
 paper.md                           ...	Exists!
Checking for paper.pdf
 paper.pdf                          ...	Exists!
Checking for paper.docx/odt/tex
 paper.docx/odt/tex                 ...	Exists!
2303/KriuchkovAA
