__
Checking for directory "./2303/MokretsovRM"
 Directory                ...	Exists!
Checking /paper_base directory for .pdf files
 Directory                ...	Exists!
 .pdf files found:
  DLA_2014_Keynote_Doellner.pdf
  Статья для конференции.pdf
  Visualization of multi-resolution spatial data in mobile system.pdf
  PubDat_194336df.pdf
Checking for fact_result.md
 fact_result.md           ...	Exists!
    fact_result.md           ...	1067 symbols
  Number of symbols in fact_result.md             ...	Not enough. Min = 1200
Checking for purpose-statement files...
     problem.md               ...	Exists!
     research_object.md       ...	Exists!
     research_subject.md      ...	Exists!
     goal.md                  ...	Exists!
     tasks.md                 ...	Exists!
     relevance.md             ...	Exists!
 All required files exist!
  Counting symbols...
    problem.md               ...	88 symbols
    research_object.md       ...	47 symbols
    research_subject.md      ...	107 symbols
    goal.md                  ...	102 symbols
    tasks.md                 ...	203 symbols
    relevance.md             ...	1 symbols
  All files               ...	548 symbols
  Number of symbols in purpose statement's        ...	Good.
Checking for analogs.md
 analogs.md               ...	Exists!
    analogs.md               ...	2107 symbols
  Number of symbols in analogs.md                 ...	Good.
  There is no Analogs title!
  There is no Criterias title!
  There is no Sources title!
Checking for solution_method_selection.md
 solution_method_selection.md       ...	does not exist!
Checking for solution_method_description.md
 solution_method_description.md     ...	does not exist!
Checking for solution_method_evaluation.md
 solution_method_evaluation.md      ...	does not exist!
Checking for conclusions.md
 conclusions.md                     ...	does not exist!
Checking for abstract.md
 abstract.md                        ...	does not exist!
Checking for paper.md
 paper.md                           ...	Exists!
Checking for paper.pdf
 paper.pdf                          ...	does not exist!
Checking for paper.docx/odt/tex
 paper.docx/odt/tex                 ...	does not exist!
['PolushinaYI', '0', '0', '0', '0', '0', '0', '0', '0', '0', '0', '0', '0', '0', '0', '0', '0', '0', '0', '0', '0', '0', '0', '0', '0', '0', '0', '0', '0', '0', '0']
['OsmolovskyPD', '0', '0', '0', '1', '1', '1', '1', '1', '1', '1', '1', '1', '1', '1', '0', '1', '0', '1', '0', '0', '0', '0', '0', '0', '0', '0', '0', '0', '0', '0']
['PutkovDA', '0', '1', '1', '1', '1', '1', '1', '1', '1', '1', '1', '0', '1', '0', '0', '1', '1', '1', '1', '0', '0', '0', '0', '1', '1', '1', '1', '1', '1', '0']
['BleesEI', '1', '1', '0', '1', '1', '1', '1', '1', '1', '1', '1', '1', '1', '1', '1', '1', '1', '1', '1', '1', '1', '1', '1', '1', '1', '1', '1', '1', '1', '1']
['ChirukhinAA', '0', '1', '0', '1', '1', '1', '1', '1', '1', '1', '1', '0', '0', '0', '0', '1', '0', '1', '0', '0', '1', '0', '0', '1', '1', '1', '0', '1', '0', '0']
['OsipovVG', '0', '0', '0', '0', '0', '0', '0', '0', '0', '0', '0', '0', '0', '0', '0', '0', '0', '0', '0', '0', '0', '0', '0', '0', '0', '0', '0', '0', '0', '0']
['KarpuninSA', '0', '1', '0', '1', '1', '1', '1', '1', '1', '1', '1', '1', '1', '1', '1', '0', '0', '0', '0', '0', '0', '0', '0', '0', '0', '0', '0', '1', '1', '1']
['UliashevKD', '1', '1', '1', '1', '1', '1', '1', '1', '1', '1', '1', '1', '0', '0', '1', '1', '1', '1', '0', '0', '1', '0', '0', '1', '1', '0', '0', '1', '0', '1']
['KarpenkoDR', '0', '1', '0', '1', '1', '1', '1', '1', '1', '1', '1', '1', '1', '1', '1', '0', '0', '0', '0', '0', '0', '0', '0', '0', '0', '0', '0', '1', '1', '1']
['SamokhvalovaOS', '1', '1', '1', '1', '1', '1', '1', '1', '1', '1', '1', '1', '0', '0', '1', '1', '1', '1', '0', '0', '1', '0', '0', '1', '1', '0', '0', '1', '0', '1']
['NikitinaEV', '0', '1', '0', '1', '1', '1', '1', '1', '1', '1', '1', '1', '1', '1', '1', '1', '0', '0', '0', '0', '0', '0', '0', '0', '0', '0', '0', '1', '1', '1']
['LaptsevichDA', '0', '0', '0', '0', '0', '0', '0', '0', '0', '0', '0', '0', '0', '0', '0', '0', '0', '0', '0', '0', '0', '0', '0', '0', '0', '0', '0', '0', '0', '0']
['MarushakJV', '1', '1', '0', '1', '1', '1', '1', '1', '1', '1', '0', '0', '0', '0', '0', '0', '0', '0', '0', '0', '0', '0', '0', '0', '0', '1', '0', '1', '1', '1']
['PopovaDE', '1', '1', '1', '1', '1', '1', '1', '1', '1', '1', '1', '1', '0', '0', '1', '1', '1', '1', '0', '0', '1', '0', '0', '1', '1', '0', '0', '1', '0', '1']
['KozlovskykhEB', '0', '0', '0', '1', '1', '1', '0', '1', '1', '0', '0', '0', '0', '0', '0', '0', '0', '0', '0', '0', '0', '0', '0', '0', '0', '0', '0', '0', '0', '0']
['KhudiakovaDD', '0', '0', '0', '0', '0', '0', '0', '0', '0', '0', '0', '0', '0', '0', '0', '0', '0', '0', '0', '0', '0', '0', '0', '0', '0', '0', '0', '0', '0', '0']
['KhafizovIM', '0', '0', '0', '0', '0', '0', '0', '0', '0', '0', '0', '0', '0', '0', '0', '0', '0', '0', '0', '0', '0', '0', '0', '0', '0', '0', '0', '0', '0', '0']
['KoptugAD', '1', '0', '0', '1', '1', '1', '1', '1', '1', '1', '1', '1', '1', '1', '1', '0', '0', '0', '0', '0', '0', '0', '0', '0', '0', '0', '0', '0', '0', '0']
['AleshinSV', '0', '0', '0', '0', '0', '0', '0', '0', '0', '0', '0', '0', '0', '0', '0', '0', '0', '0', '0', '0', '0', '0', '0', '0', '0', '0', '0', '0', '0', '0']
['RymarMI', '0', '0', '0', '0', '0', '0', '0', '0', '0', '0', '0', '0', '0', '0', '0', '0', '0', '0', '0', '0', '0', '0', '0', '0', '0', '0', '0', '0', '0', '0']
['AndrosovVU', '1', '1', '1', '1', '1', '1', '1', '1', '1', '1', '1', '1', '1', '1', '0', '1', '1', '1', '1', '1', '0', '0', '0', '1', '1', '1', '0', '1', '1', '1']
['AkhmetshinaRR', '0', '0', '0', '0', '0', '0', '0', '0', '0', '0', '0', '0', '0', '0', '0', '0', '0', '0', '0', '0', '0', '0', '0', '0', '0', '0', '0', '0', '0', '0']
['GuschaVV', '0', '0', '0', '0', '0', '0', '0', '0', '0', '0', '0', '0', '0', '0', '0', '0', '0', '0', '0', '0', '0', '0', '0', '0', '0', '0', '0', '0', '0', '0']
['DronnikovIM', '1', '1', '0', '1', '1', '1', '1', '1', '1', '1', '1', '1', '0', '0', '0', '0', '0', '0', '0', '0', '0', '0', '0', '0', '0', '0', '0', '0', '0', '0']
['GordeevaTV', '0', '0', '0', '0', '0', '0', '0', '0', '0', '0', '0', '0', '0', '0', '0', '0', '0', '0', '0', '0', '0', '0', '0', '0', '0', '0', '0', '0', '0', '0']
['LarionovDS', '0', '0', '0', '0', '0', '0', '0', '0', '0', '0', '0', '0', '0', '0', '0', '0', '0', '0', '0', '0', '0', '0', '0', '0', '0', '0', '0', '0', '0', '0']
['PerkovAS', '0', '0', '0', '0', '0', '0', '0', '0', '0', '0', '0', '0', '0', '0', '0', '0', '0', '0', '0', '0', '0', '0', '0', '0', '0', '0', '0', '0', '0', '0']
['DanilovSV', '1', '1', '1', '1', '1', '1', '1', '1', '1', '1', '1', '0', '1', '1', '0', '1', '0', '1', '0', '0', '0', '0', '0', '1', '1', '1', '1', '1', '0', '0']
['ChaykaKV', '1', '1', '1', '1', '1', '1', '1', '1', '1', '1', '1', '1', '1', '1', '1', '1', '1', '1', '1', '0', '0', '0', '0', '1', '1', '1', '1', '1', '1', '1']
['MikhaylovVV', '0', '0', '0', '0', '0', '0', '0', '0', '0', '0', '0', '0', '0', '0', '0', '0', '0', '0', '0', '0', '0', '0', '0', '0', '0', '0', '0', '0', '0', '0']
['VolkovAA', '1', '1', '0', '1', '1', '1', '1', '1', '1', '1', '0', '0', '0', '0', '0', '1', '0', '1', '0', '0', '0', '0', '0', '1', '1', '1', '1', '1', '1', '1']
['EfremovMA', '1', '1', '1', '1', '1', '1', '1', '1', '1', '1', '1', '1', '1', '0', '0', '1', '0', '1', '1', '0', '0', '0', '0', '1', '1', '1', '1', '1', '1', '0']
['SulyaevRS', '1', '0', '0', '1', '1', '1', '1', '1', '1', '1', '1', '0', '0', '0', '1', '0', '0', '1', '1', '0', '0', '0', '0', '1', '0', '0', '0', '1', '0', '1']
['StarikovNS', '1', '1', '0', '1', '1', '1', '1', '1', '1', '1', '0', '0', '0', '0', '0', '1', '0', '0', '0', '0', '0', '0', '0', '1', '1', '1', '1', '1', '0', '1']
['KomarovDN', '1', '1', '1', '1', '1', '1', '1', '1', '1', '1', '1', '0', '1', '1', '1', '1', '1', '1', '1', '1', '1', '0', '1', '1', '1', '1', '1', '1', '1', '1']
['KlimukKP', '1', '1', '0', '1', '1', '1', '1', '1', '1', '1', '1', '0', '1', '1', '1', '1', '1', '1', '1', '0', '0', '0', '0', '1', '1', '1', '1', '1', '1', '1']
['IshchenkoAP', '0', '0', '0', '0', '0', '0', '0', '0', '0', '0', '0', '0', '0', '0', '0', '0', '0', '0', '0', '0', '0', '0', '0', '0', '0', '0', '0', '0', '0', '0']
['KuzminME', '1', '1', '0', '1', '1', '1', '1', '1', '1', '1', '1', '1', '0', '0', '0', '1', '0', '1', '1', '0', '0', '0', '0', '1', '1', '1', '1', '1', '1', '1']
['LikhachevAA', '0', '0', '0', '0', '0', '0', '0', '0', '0', '0', '0', '0', '0', '0', '0', '0', '0', '0', '0', '0', '0', '0', '0', '0', '0', '0', '0', '0', '0', '0']
['SuchkovAI', '1', '1', '0', '1', '1', '1', '1', '1', '1', '1', '1', '1', '1', '1', '1', '1', '0', '1', '1', '1', '0', '0', '0', '1', '1', '1', '1', '1', '0', '0']
['GolubevVV', '1', '1', '1', '1', '1', '1', '1', '1', '1', '1', '1', '1', '0', '0', '0', '1', '1', '1', '1', '0', '0', '0', '0', '1', '1', '1', '1', '1', '1', '1']
['GrunyashinAS', '0', '0', '0', '0', '0', '0', '0', '0', '0', '0', '0', '0', '0', '0', '0', '0', '0', '0', '0', '0', '0', '0', '0', '0', '0', '0', '0', '0', '0', '0']
['AlekseevichAS', '1', '1', '1', '1', '1', '1', '1', '1', '1', '1', '1', '1', '1', '1', '1', '1', '1', '1', '1', '1', '0', '0', '0', '1', '1', '1', '1', '1', '1', '1']
['ChulanovAA', '1', '1', '1', '1', '1', '1', '1', '1', '1', '1', '1', '1', '1', '1', '1', '1', '1', '1', '1', '1', '0', '0', '0', '1', '1', '1', '1', '1', '1', '1']
['ZhangirovTR', '0', '0', '0', '0', '0', '0', '0', '0', '0', '0', '0', '0', '0', '0', '0', '0', '0', '0', '0', '0', '0', '0', '0', '0', '0', '0', '0', '0', '0', '0']
['BudchanDS', '1', '1', '1', '1', '1', '1', '1', '1', '1', '1', '1', '1', '1', '1', '1', '1', '1', '1', '1', '1', '0', '0', '0', '1', '1', '1', '1', '1', '1', '1']
['VertiletskiyIA', '0', '0', '0', '0', '0', '0', '0', '0', '0', '0', '0', '0', '0', '0', '0', '0', '0', '0', '0', '0', '0', '0', '0', '0', '0', '0', '0', '0', '0', '0']
['RazmochaevaNV', '1', '1', '1', '1', '1', '1', '1', '1', '1', '1', '1', '1', '1', '1', '1', '1', '1', '1', '1', '1', '0', '0', '0', '1', '1', '1', '1', '1', '1', '1']
['DudovVA', '0', '0', '0', '1', '0', '0', '0', '0', '0', '0', '0', '0', '0', '0', '0', '0', '0', '0', '0', '0', '0', '0', '0', '0', '0', '0', '0', '0', '0', '0']
['KozlovPV', '0', '1', '0', '1', '1', '1', '1', '1', '1', '1', '1', '0', '0', '0', '0', '1', '0', '1', '0', '0', '0', '0', '0', '1', '1', '1', '1', '1', '0', '1']
['SkorospelovLA', '0', '1', '1', '1', '1', '1', '1', '1', '1', '1', '1', '1', '1', '1', '1', '1', '1', '1', '1', '1', '0', '0', '0', '1', '1', '1', '1', '1', '1', '1']
['AvakyanAR', '1', '1', '0', '1', '1', '1', '1', '1', '1', '0', '0', '0', '0', '0', '0', '1', '0', '1', '0', '0', '0', '0', '0', '1', '0', '1', '0', '1', '0', '0']
['ZaborovskiyEV', '1', '1', '0', '1', '1', '1', '1', '1', '1', '1', '1', '1', '1', '1', '1', '0', '0', '0', '0', '0', '0', '0', '0', '0', '0', '0', '0', '0', '0', '0']
['ManyashinDA', '0', '0', '0', '0', '0', '0', '0', '0', '0', '0', '0', '0', '0', '0', '0', '0', '0', '0', '0', '0', '0', '0', '0', '0', '0', '0', '0', '0', '0', '0']
['CherepanovEA', '0', '0', '0', '0', '0', '0', '0', '0', '0', '0', '0', '0', '0', '0', '0', '0', '0', '0', '0', '0', '0', '0', '0', '0', '0', '0', '0', '0', '0', '0']
['Kanushin_MS', '1', '1', '1', '1', '1', '1', '1', '1', '1', '1', '0', '0', '0', '0', '0', '1', '0', '1', '0', '0', '0', '0', '0', '0', '0', '1', '1', '1', '1', '1']
['MokretsovRM', '1', '1', '0', '1', '1', '1', '1', '1', '1', '1', '1', '1', '0', '0', '0', '0', '0', '0', '0', '0', '0', '0', '0', '0', '0', '0', '0', '1', '0', '0']
