__
Checking for directory "./2303/ZaborovskiyEV"
 Directory                ...	Exists!
Checking /paper_base directory for .pdf files
 Directory                ...	Exists!
 .pdf files found:
  Service Oriented Architecture with Java.pdf
  akka-at-yandex.pdf
  Evolve the Monolith to Microservices with Java and Node.pdf
  E-References.pdf
  microservices-for-java-developers.pdf
Checking for fact_result.md
 fact_result.md           ...	Exists!
    fact_result.md           ...	346 symbols
  Number of symbols in fact_result.md             ...	Not enough. Min = 1200
Checking for purpose-statement files...
     problem.md               ...	Exists!
     research_object.md       ...	Exists!
     research_subject.md      ...	Exists!
     goal.md                  ...	Exists!
     tasks.md                 ...	Exists!
     relevance.md             ...	Exists!
 All required files exist!
  Counting symbols...
    problem.md               ...	511 symbols
    research_object.md       ...	64 symbols
    research_subject.md      ...	84 symbols
    goal.md                  ...	138 symbols
    tasks.md                 ...	155 symbols
    relevance.md             ...	721 symbols
  All files               ...	1673 symbols
  Number of symbols in purpose statement's        ...	Good.
Checking for analogs.md
 analogs.md               ...	Exists!
    analogs.md               ...	2184 symbols
  Number of symbols in analogs.md                 ...	Good.
  Analogs title!          ...	Exists!
   Number of analogs     ...	Good.
  Criterias title!        ...	Exists!
   Number of analogs     ...	Good.
  Sources title!          ...	Exists!
   Number of sources     ...	At least 1! Good!
Checking for solution_method_selection.md
 solution_method_selection.md       ...	Exists!
    solution_method_selection.md...	837 symbols
  Number of symbols in solution_method_selection.md                   ...	Not enough. Min = 1000
Checking for solution_method_description.md
 solution_method_description.md     ...	Exists!
    solution_method_description.md...	3182 symbols
  Number of symbols in solution_method_description.md                 ...	Good.
  Description title!      ...	Exists!
  Sources title!          ...	Exists!
   Number of sources     ...	At least 1! Good!
Checking for solution_method_evaluation.md
 solution_method_evaluation.md      ...	does not exist!
Checking for conclusions.md
 conclusions.md                     ...	Exists!
    conclusions.md           ...	719 symbols
  Number of symbols in conclusions.md                                 ...	Good.
Checking for abstract.md
 abstract.md                        ...	Exists!
    abstract.md              ...	390 symbols
  Number of symbols in abstract.md                                    ...	Not enough. Min = 400
Checking for paper.md
 paper.md                           ...	Exists!
Checking for paper.pdf
 paper.pdf                          ...	Exists!
Checking for paper.docx/odt/tex
 paper.docx/odt/tex                 ...	Exists!
2303/ManyashinDA
