__
Checking for directory "./2304/KuzminME"
 Directory                ...	Exists!
Checking /paper_base directory for .pdf files
 Directory                ...	Exists!
 .pdf files found:
  full_report.pdf
Checking for fact_result.md
 fact_result.md           ...	Exists!
    fact_result.md           ...	943 symbols
  Number of symbols in fact_result.md             ...	Not enough. Min = 1200
Checking for purpose-statement files...
     problem.md               ...	Exists!
     research_object.md       ...	Exists!
     research_subject.md      ...	Exists!
     goal.md                  ...	Exists!
     tasks.md                 ...	Exists!
     relevance.md             ...	Exists!
 All required files exist!
  Counting symbols...
    problem.md               ...	231 symbols
    research_object.md       ...	86 symbols
    research_subject.md      ...	135 symbols
    goal.md                  ...	92 symbols
    tasks.md                 ...	433 symbols
    relevance.md             ...	569 symbols
  All files               ...	1546 symbols
  Number of symbols in purpose statement's        ...	Good.
Checking for analogs.md
 analogs.md               ...	Exists!
    analogs.md               ...	7781 symbols
  Number of symbols in analogs.md                 ...	Good.
  There is no Analogs title!
  There is no Criterias title!
  There is no Sources title!
Checking for solution_method_selection.md
 solution_method_selection.md       ...	Exists!
    solution_method_selection.md...	716 symbols
  Number of symbols in solution_method_selection.md                   ...	Not enough. Min = 1000
Checking for solution_method_description.md
 solution_method_description.md     ...	Exists!
    solution_method_description.md...	3495 symbols
  Number of symbols in solution_method_description.md                 ...	Good.
  There is no Description title!
  There is no Sources title!
Checking for solution_method_evaluation.md
 solution_method_evaluation.md      ...	does not exist!
Checking for conclusions.md
 conclusions.md                     ...	Exists!
    conclusions.md           ...	2208 symbols
  Number of symbols in conclusions.md                                 ...	Good.
Checking for abstract.md
 abstract.md                        ...	Exists!
    abstract.md              ...	656 symbols
  Number of symbols in abstract.md                                    ...	Good.
Checking for paper.md
 paper.md                           ...	Exists!
Checking for paper.pdf
 paper.pdf                          ...	Exists!
Checking for paper.docx/odt/tex
 paper.docx/odt/tex                 ...	Exists!
2304/LikhachevAA
