__
Checking for directory "./2304/ChaykaKV"
 Directory                ...	Exists!
Checking /paper_base directory for .pdf files
 Directory                ...	Exists!
 .pdf files found:
  Autonomous Underwater Free-Floating Manipulation.pdf
  The_Kautham_Project.pdf
  MoveitROS_topics.pdf
Checking for fact_result.md
 fact_result.md           ...	Exists!
    fact_result.md           ...	1413 symbols
  Number of symbols in fact_result.md             ...	Good.
Checking for purpose-statement files...
     problem.md               ...	Exists!
     research_object.md       ...	Exists!
     research_subject.md      ...	Exists!
     goal.md                  ...	Exists!
     tasks.md                 ...	Exists!
     relevance.md             ...	Exists!
 All required files exist!
  Counting symbols...
    problem.md               ...	90 symbols
    research_object.md       ...	44 symbols
    research_subject.md      ...	97 symbols
    goal.md                  ...	85 symbols
    tasks.md                 ...	188 symbols
    relevance.md             ...	195 symbols
  All files               ...	699 symbols
  Number of symbols in purpose statement's        ...	Good.
Checking for analogs.md
 analogs.md               ...	Exists!
    analogs.md               ...	1526 symbols
  Number of symbols in analogs.md                 ...	Not enough. Min = 2000
  Analogs title!          ...	Exists!
   Number of analogs     ...	Good.
  Criterias title!        ...	Exists!
   Number of analogs     ...	Good.
  Sources title!          ...	Exists!
   Number of sources     ...	At least 1! Good!
Checking for solution_method_selection.md
 solution_method_selection.md       ...	does not exist!
Checking for solution_method_description.md
 solution_method_description.md     ...	does not exist!
Checking for solution_method_evaluation.md
 solution_method_evaluation.md      ...	does not exist!
2304/MikhaylovVV
