__
Checking for directory "./2304/KomarovDN"
 Directory                ...	Exists!
Checking /paper_base directory for .pdf files
 Directory                ...	Exists!
 .pdf files found:
  Animation 1 - Description.pdf
  Booktrailer-TechRequirements-v4.pdf
  Video Book trailer service - Description.pdf
  praktika_2_semestr.pdf
Checking for fact_result.md
 fact_result.md           ...	Exists!
    fact_result.md           ...	1254 symbols
  Number of symbols in fact_result.md             ...	Good.
Checking for purpose-statement files...
     problem.md               ...	Exists!
     research_object.md       ...	Exists!
     research_subject.md      ...	Exists!
     goal.md                  ...	Exists!
     tasks.md                 ...	Exists!
     relevance.md             ...	Exists!
 All required files exist!
  Counting symbols...
    problem.md               ...	135 symbols
    research_object.md       ...	77 symbols
    research_subject.md      ...	115 symbols
    goal.md                  ...	106 symbols
    tasks.md                 ...	167 symbols
    relevance.md             ...	393 symbols
  All files               ...	993 symbols
  Number of symbols in purpose statement's        ...	Good.
Checking for analogs.md
 analogs.md               ...	Exists!
    analogs.md               ...	1071 symbols
  Number of symbols in analogs.md                 ...	Not enough. Min = 2000
  Analogs title!          ...	Exists!
   Number of analogs     ...	Good.
  Criterias title!        ...	Exists!
   Number of analogs     ...	Good.
  Sources title!          ...	Exists!
   Number of sources     ...	At least 1! Good!
Checking for solution_method_selection.md
 solution_method_selection.md       ...	Exists!
    solution_method_selection.md...	1039 symbols
  Number of symbols in solution_method_selection.md                   ...	Good.
Checking for solution_method_description.md
 solution_method_description.md     ...	Exists!
    solution_method_description.md...	4014 symbols
  Number of symbols in solution_method_description.md                 ...	Good.
  Description title!      ...	Exists!
  Sources title!          ...	Exists!
   Number of sources     ...	At least 1! Good!
Checking for solution_method_evaluation.md
 solution_method_evaluation.md      ...	Exists!
    solution_method_evaluation.md...	2895 symbols
  Number of symbols in solution_method_evaluation.md                  ...	Not enough. Min = 3000
  Evaluation title!       ...	Exists!
  Sources title!          ...	Exists!
   Number of sources     ...	At least 1! Good!
Checking for conclusions.md
 conclusions.md                     ...	Exists!
    conclusions.md           ...	594 symbols
  Number of symbols in conclusions.md                                 ...	Good.
Checking for abstract.md
 abstract.md                        ...	Exists!
    abstract.md              ...	519 symbols
  Number of symbols in abstract.md                                    ...	Good.
Checking for paper.md
 paper.md                           ...	does not exist!
Checking for paper.pdf
 paper.pdf                          ...	does not exist!
Checking for paper.docx/odt/tex
 paper.docx/odt/tex                 ...	does not exist!
2304/KlimukKP
