__
Checking for directory "./2304/SulyaevRS"
 Directory                ...	Exists!
Checking /paper_base directory for .pdf files
 Directory                ...	Exists!
 .pdf files found:
  SoccerServerManual.pdf
  Bradfield.pdf
  Модели и алгоритмы коллективного управления в группах роботов.pdf
Checking for fact_result.md
 fact_result.md           ...	does not exist!
Checking for purpose-statement files...
     problem.md               ...	Exists!
     research_object.md       ...	Exists!
     research_subject.md      ...	Exists!
     goal.md                  ...	Exists!
     tasks.md                 ...	Exists!
     relevance.md             ...	Exists!
 All required files exist!
  Counting symbols...
    problem.md               ...	87 symbols
    research_object.md       ...	99 symbols
    research_subject.md      ...	95 symbols
    goal.md                  ...	107 symbols
    tasks.md                 ...	132 symbols
    relevance.md             ...	290 symbols
  All files               ...	810 symbols
  Number of symbols in purpose statement's        ...	Good.
Checking for analogs.md
 analogs.md               ...	Exists!
    analogs.md               ...	1907 symbols
  Number of symbols in analogs.md                 ...	Not enough. Min = 2000
  There is no Analogs title!
  There is no Criterias title!
  Sources title!          ...	Exists!
   Number of sources     ...	At least 1! Good!
Checking for solution_method_selection.md
 solution_method_selection.md       ...	does not exist!
Checking for solution_method_description.md
 solution_method_description.md     ...	Exists!
    solution_method_description.md...	3705 symbols
  Number of symbols in solution_method_description.md                 ...	Good.
  There is no Description title!
  There is no Sources title!
Checking for solution_method_evaluation.md
 solution_method_evaluation.md      ...	does not exist!
Checking for conclusions.md
 conclusions.md                     ...	Exists!
    conclusions.md           ...	499 symbols
  Number of symbols in conclusions.md                                 ...	Not enough. Min = 500
Checking for abstract.md
 abstract.md                        ...	does not exist!
Checking for paper.md
 paper.md                           ...	Exists!
Checking for paper.pdf
 paper.pdf                          ...	does not exist!
Checking for paper.docx/odt/tex
 paper.docx/odt/tex                 ...	Exists!
2304/StarikovNS
