__
Checking for directory "./2304/KlimukKP"
 Directory                ...	Exists!
Checking /paper_base directory for .pdf files
 Directory                ...	Exists!
 .pdf files found:
  201503-GDC_Unity5_Graphics_notes.pdf
  2013-Siggraph_Presentations_notes.pdf
  E-References.pdf
  201403-GDC_UnityPhysicallyBasedShading_notes.pdf
Checking for fact_result.md
 fact_result.md           ...	Exists!
    fact_result.md           ...	601 symbols
  Number of symbols in fact_result.md             ...	Not enough. Min = 1200
Checking for purpose-statement files...
     problem.md               ...	Exists!
     research_object.md       ...	Exists!
     research_subject.md      ...	Exists!
     goal.md                  ...	Exists!
     tasks.md                 ...	Exists!
     relevance.md             ...	Exists!
 All required files exist!
  Counting symbols...
    problem.md               ...	364 symbols
    research_object.md       ...	36 symbols
    research_subject.md      ...	77 symbols
    goal.md                  ...	86 symbols
    tasks.md                 ...	194 symbols
    relevance.md             ...	489 symbols
  All files               ...	1246 symbols
  Number of symbols in purpose statement's        ...	Good.
Checking for analogs.md
 analogs.md               ...	Exists!
    analogs.md               ...	1716 symbols
  Number of symbols in analogs.md                 ...	Not enough. Min = 2000
  Analogs title!          ...	Exists!
   Number of analogs     ...	Good.
  Criterias title!        ...	Exists!
   Number of analogs     ...	Good.
  Sources title!          ...	Exists!
   Number of sources     ...	Not enough. Min = 1
Checking for solution_method_selection.md
 solution_method_selection.md       ...	does not exist!
Checking for solution_method_description.md
 solution_method_description.md     ...	does not exist!
Checking for solution_method_evaluation.md
 solution_method_evaluation.md      ...	does not exist!
2304/IshchenkoAP
