__
Checking for directory "./2304/VolkovAA"
 Directory                ...	Exists!
Checking /paper_base directory for .pdf files
 Directory                ...	Exists!
 .pdf files found:
  [Open Computer Science] Mining moving object data.pdf
  review2b.pdf
  Do_ISWC_2011.pdf
  VisAware.pdf
  cybersec2012-song.pdf
  p65-fischer.pdf
  EberleJASR11.pdf
Checking for fact_result.md
 fact_result.md           ...	Exists!
    fact_result.md           ...	349 symbols
  Number of symbols in fact_result.md             ...	Not enough. Min = 1200
Checking for purpose-statement files...
     problem.md               ...	Exists!
     research_object.md       ...	Exists!
     research_subject.md      ...	Exists!
     goal.md                  ...	Exists!
     tasks.md                 ...	Exists!
     relevance.md             ...	Exists!
 All required files exist!
  Counting symbols...
    problem.md               ...	93 symbols
    research_object.md       ...	46 symbols
    research_subject.md      ...	50 symbols
    goal.md                  ...	107 symbols
    tasks.md                 ...	291 symbols
    relevance.md             ...	479 symbols
  All files               ...	1066 symbols
  Number of symbols in purpose statement's        ...	Good.
Checking for analogs.md
 analogs.md               ...	does not exist!
Checking for solution_method_selection.md
 solution_method_selection.md       ...	Exists!
    solution_method_selection.md...	558 symbols
  Number of symbols in solution_method_selection.md                   ...	Not enough. Min = 1000
Checking for solution_method_description.md
 solution_method_description.md     ...	Exists!
    solution_method_description.md...	2556 symbols
  Number of symbols in solution_method_description.md                 ...	Not enough. Min = 3000
  Description title!      ...	Exists!
  Sources title!          ...	Exists!
   Number of sources     ...	Not enough. Min = 1
Checking for solution_method_evaluation.md
 solution_method_evaluation.md      ...	does not exist!
Checking for conclusions.md
 conclusions.md                     ...	Exists!
    conclusions.md           ...	942 symbols
  Number of symbols in conclusions.md                                 ...	Good.
Checking for abstract.md
 abstract.md                        ...	Exists!
    abstract.md              ...	658 symbols
  Number of symbols in abstract.md                                    ...	Good.
Checking for paper.md
 paper.md                           ...	Exists!
Checking for paper.pdf
 paper.pdf                          ...	Exists!
Checking for paper.docx/odt/tex
 paper.docx/odt/tex                 ...	Exists!
2304/EfremovMA
