__
Checking for directory "./2381/ChulanovAA"
 Directory                ...	Exists!
Checking /paper_base directory for .pdf files
 Directory doesn't exist!
Checking for fact_result.md
 fact_result.md           ...	Exists!
    fact_result.md           ...	1276 symbols
  Number of symbols in fact_result.md             ...	Good.
Checking for purpose-statement files...
     problem.md               ...	Exists!
     research_object.md       ...	Exists!
     research_subject.md      ...	Exists!
     goal.md                  ...	Exists!
     tasks.md                 ...	Exists!
     relevance.md             ...	Exists!
 All required files exist!
  Counting symbols...
    problem.md               ...	168 symbols
    research_object.md       ...	67 symbols
    research_subject.md      ...	70 symbols
    goal.md                  ...	121 symbols
    tasks.md                 ...	381 symbols
    relevance.md             ...	268 symbols
  All files               ...	1075 symbols
  Number of symbols in purpose statement's        ...	Good.
Checking for analogs.md
 analogs.md               ...	Exists!
    analogs.md               ...	2482 symbols
  Number of symbols in analogs.md                 ...	Good.
  There is no Analogs title!
  Criterias title!        ...	Exists!
   Number of analogs     ...	Good.
  Sources title!          ...	Exists!
   Number of sources     ...	At least 1! Good!
Checking for solution_method_selection.md
 solution_method_selection.md       ...	does not exist!
Checking for solution_method_description.md
 solution_method_description.md     ...	does not exist!
Checking for solution_method_evaluation.md
 solution_method_evaluation.md      ...	does not exist!
Checking for conclusions.md
 conclusions.md                     ...	does not exist!
Checking for abstract.md
 abstract.md                        ...	does not exist!
2381/ZhangirovTR
