__
Checking for directory "./2381/BudchanDS"
 Directory                ...	Exists!
Checking /paper_base directory for .pdf files
 Directory                ...	Exists!
 .pdf files found:
  Glusko_Titov.pdf
  Budchan_NIR.pdf
Checking for fact_result.md
 fact_result.md           ...	Exists!
    fact_result.md           ...	1393 symbols
  Number of symbols in fact_result.md             ...	Good.
Checking for purpose-statement files...
     problem.md               ...	Exists!
     research_object.md       ...	Exists!
     research_subject.md      ...	Exists!
     goal.md                  ...	Exists!
     tasks.md                 ...	Exists!
     relevance.md             ...	Exists!
 All required files exist!
  Counting symbols...
    problem.md               ...	126 symbols
    research_object.md       ...	88 symbols
    research_subject.md      ...	105 symbols
    goal.md                  ...	142 symbols
    tasks.md                 ...	384 symbols
    relevance.md             ...	190 symbols
  All files               ...	1035 symbols
  Number of symbols in purpose statement's        ...	Good.
Checking for analogs.md
 analogs.md               ...	Exists!
    analogs.md               ...	2054 symbols
  Number of symbols in analogs.md                 ...	Good.
  Analogs title!          ...	Exists!
   Number of analogs     ...	Good.
  Criterias title!        ...	Exists!
   Number of analogs     ...	Good.
  Sources title!          ...	Exists!
   Number of sources     ...	At least 1! Good!
2381/RazmochaevaNV
