__
Checking for directory "./3304/ChirukhinAA"
 Directory                ...	Exists!
Checking /paper_base directory for .pdf files
 Directory doesn't exist!
Checking for fact_result.md
 fact_result.md           ...	Exists!
    fact_result.md           ...	986 symbols
  Number of symbols in fact_result.md             ...	Not enough. Min = 1200
Checking for purpose-statement files...
     problem.md               ...	Exists!
     research_object.md       ...	Exists!
     research_subject.md      ...	Exists!
     goal.md                  ...	Exists!
     tasks.md                 ...	Exists!
     relevance.md             ...	Exists!
 All required files exist!
  Counting symbols...
    problem.md               ...	83 symbols
    research_object.md       ...	13 symbols
    research_subject.md      ...	93 symbols
    goal.md                  ...	66 symbols
    tasks.md                 ...	142 symbols
    relevance.md             ...	413 symbols
  All files               ...	810 symbols
  Number of symbols in purpose statement's        ...	Good.
Checking for analogs.md
 analogs.md               ...	Exists!
    analogs.md               ...	1 symbols
  Number of symbols in analogs.md                 ...	Not enough. Min = 2000
  There is no Analogs title!
  There is no Criterias title!
  There is no Sources title!
Checking for solution_method_selection.md
 solution_method_selection.md       ...	Exists!
    solution_method_selection.md...	1 symbols
  Number of symbols in solution_method_selection.md                   ...	Not enough. Min = 1000
Checking for solution_method_description.md
 solution_method_description.md     ...	Exists!
    solution_method_description.md...	1 symbols
  Number of symbols in solution_method_description.md                 ...	Not enough. Min = 3000
  There is no Description title!
  There is no Sources title!
Checking for solution_method_evaluation.md
 solution_method_evaluation.md      ...	Exists!
    solution_method_evaluation.md...	1 symbols
  Number of symbols in solution_method_evaluation.md                  ...	Not enough. Min = 3000
  There is no Evaluation title!
  There is no Sources title!
Checking for conclusions.md
 conclusions.md                     ...	Exists!
    conclusions.md           ...	508 symbols
  Number of symbols in conclusions.md                                 ...	Good.
Checking for abstract.md
 abstract.md                        ...	Exists!
    abstract.md              ...	396 symbols
  Number of symbols in abstract.md                                    ...	Not enough. Min = 400
Checking for paper.md
 paper.md                           ...	Exists!
Checking for paper.pdf
 paper.pdf                          ...	does not exist!
Checking for paper.docx/odt/tex
 paper.docx/odt/tex                 ...	does not exist!
3304/OsipovVG
