__
Checking for directory "./3304/BleesEI"
 Directory                ...	Exists!
Checking /paper_base directory for .pdf files
 Directory                ...	Exists!
 .pdf files found:
  demidova_a_k_posobie_po_russkomu_yazyku_nauchnyy_stil_rechi.pdf
Checking for fact_result.md
 fact_result.md           ...	Exists!
    fact_result.md           ...	687 symbols
  Number of symbols in fact_result.md             ...	Not enough. Min = 1200
Checking for purpose-statement files...
     problem.md               ...	Exists!
     research_object.md       ...	Exists!
     research_subject.md      ...	Exists!
     goal.md                  ...	Exists!
     tasks.md                 ...	Exists!
     relevance.md             ...	Exists!
 All required files exist!
  Counting symbols...
    problem.md               ...	104 symbols
    research_object.md       ...	34 symbols
    research_subject.md      ...	133 symbols
    goal.md                  ...	197 symbols
    tasks.md                 ...	261 symbols
    relevance.md             ...	284 symbols
  All files               ...	1013 symbols
  Number of symbols in purpose statement's        ...	Good.
Checking for analogs.md
 analogs.md               ...	Exists!
    analogs.md               ...	2836 symbols
  Number of symbols in analogs.md                 ...	Good.
  Analogs title!          ...	Exists!
   Number of analogs     ...	Good.
  Criterias title!        ...	Exists!
   Number of analogs     ...	Good.
  Sources title!          ...	Exists!
   Number of sources     ...	At least 1! Good!
Checking for solution_method_selection.md
 solution_method_selection.md       ...	Exists!
    solution_method_selection.md...	1065 symbols
  Number of symbols in solution_method_selection.md                   ...	Good.
Checking for solution_method_description.md
 solution_method_description.md     ...	Exists!
    solution_method_description.md...	3704 symbols
  Number of symbols in solution_method_description.md                 ...	Good.
  Description title!      ...	Exists!
  Sources title!          ...	Exists!
   Number of sources     ...	At least 1! Good!
Checking for solution_method_evaluation.md
 solution_method_evaluation.md      ...	Exists!
    solution_method_evaluation.md...	3580 symbols
  Number of symbols in solution_method_evaluation.md                  ...	Good.
  There is no Evaluation title!
  Sources title!          ...	Exists!
   Number of sources     ...	At least 1! Good!
Checking for conclusions.md
 conclusions.md                     ...	Exists!
    conclusions.md           ...	776 symbols
  Number of symbols in conclusions.md                                 ...	Good.
Checking for abstract.md
 abstract.md                        ...	Exists!
    abstract.md              ...	567 symbols
  Number of symbols in abstract.md                                    ...	Good.
Checking for paper.md
 paper.md                           ...	Exists!
Checking for paper.pdf
 paper.pdf                          ...	Exists!
Checking for paper.docx/odt/tex
 paper.docx/odt/tex                 ...	Exists!
3304/ChirukhinAA
