__
Checking for directory "./3381/SuchkovAI"
 Directory                ...	Exists!
Checking /paper_base directory for .pdf files
 Directory                ...	Exists!
 .pdf files found:
  Гашков_статья.pdf
  pippenger.pdf
Checking for fact_result.md
 fact_result.md           ...	Exists!
    fact_result.md           ...	842 symbols
  Number of symbols in fact_result.md             ...	Not enough. Min = 1200
Checking for purpose-statement files...
     problem.md               ...	Exists!
     research_object.md       ...	Exists!
     research_subject.md      ...	Exists!
     goal.md                  ...	Exists!
     tasks.md                 ...	Exists!
     relevance.md             ...	Exists!
 All required files exist!
  Counting symbols...
    problem.md               ...	70 symbols
    research_object.md       ...	43 symbols
    research_subject.md      ...	39 symbols
    goal.md                  ...	175 symbols
    tasks.md                 ...	238 symbols
    relevance.md             ...	241 symbols
  All files               ...	806 symbols
  Number of symbols in purpose statement's        ...	Good.
Checking for analogs.md
 analogs.md               ...	Exists!
    analogs.md               ...	3733 symbols
  Number of symbols in analogs.md                 ...	Good.
  There is no Analogs title!
  Criterias title!        ...	Exists!
   Number of analogs     ...	Good.
  Sources title!          ...	Exists!
   Number of sources     ...	At least 1! Good!
Checking for solution_method_selection.md
 solution_method_selection.md       ...	Exists!
    solution_method_selection.md...	741 symbols
  Number of symbols in solution_method_selection.md                   ...	Not enough. Min = 1000
Checking for solution_method_description.md
 solution_method_description.md     ...	Exists!
    solution_method_description.md...	3113 symbols
  Number of symbols in solution_method_description.md                 ...	Good.
  There is no Description title!
  Sources title!          ...	Exists!
   Number of sources     ...	At least 1! Good!
Checking for solution_method_evaluation.md
 solution_method_evaluation.md      ...	does not exist!
Checking for conclusions.md
 conclusions.md                     ...	Exists!
    conclusions.md           ...	1002 symbols
  Number of symbols in conclusions.md                                 ...	Good.
Checking for abstract.md
 abstract.md                        ...	Exists!
    abstract.md              ...	565 symbols
  Number of symbols in abstract.md                                    ...	Good.
Checking for paper.md
 paper.md                           ...	Exists!
Checking for paper.pdf
 paper.pdf                          ...	does not exist!
Checking for paper.docx/odt/tex
 paper.docx/odt/tex                 ...	does not exist!
3381/GolubevVV
