__
Checking for directory "./3381/GolubevVV"
 Directory                ...	Exists!
Checking /paper_base directory for .pdf files
 Directory doesn't exist!
Checking for fact_result.md
 fact_result.md           ...	Exists!
    fact_result.md           ...	1994 symbols
  Number of symbols in fact_result.md             ...	Good.
Checking for purpose-statement files...
     problem.md               ...	Exists!
     research_object.md       ...	Exists!
     research_subject.md      ...	Exists!
     goal.md                  ...	Exists!
     tasks.md                 ...	Exists!
     relevance.md             ...	Exists!
 All required files exist!
  Counting symbols...
    problem.md               ...	49 symbols
    research_object.md       ...	12 symbols
    research_subject.md      ...	30 symbols
    goal.md                  ...	67 symbols
    tasks.md                 ...	78 symbols
    relevance.md             ...	87 symbols
  All files               ...	323 symbols
  Number of symbols in purpose statement's        ...	Good.
Checking for analogs.md
 analogs.md               ...	Exists!
    analogs.md               ...	3042 symbols
  Number of symbols in analogs.md                 ...	Good.
  There is no Analogs title!
  There is no Criterias title!
  There is no Sources title!
Checking for solution_method_selection.md
 solution_method_selection.md       ...	Exists!
    solution_method_selection.md...	2938 symbols
  Number of symbols in solution_method_selection.md                   ...	Good.
Checking for solution_method_description.md
 solution_method_description.md     ...	Exists!
    solution_method_description.md...	4029 symbols
  Number of symbols in solution_method_description.md                 ...	Good.
  There is no Description title!
  There is no Sources title!
Checking for solution_method_evaluation.md
 solution_method_evaluation.md      ...	does not exist!
Checking for conclusions.md
 conclusions.md                     ...	Exists!
    conclusions.md           ...	1022 symbols
  Number of symbols in conclusions.md                                 ...	Good.
Checking for abstract.md
 abstract.md                        ...	Exists!
    abstract.md              ...	407 symbols
  Number of symbols in abstract.md                                    ...	Good.
Checking for paper.md
 paper.md                           ...	Exists!
Checking for paper.pdf
 paper.pdf                          ...	does not exist!
Checking for paper.docx/odt/tex
 paper.docx/odt/tex                 ...	does not exist!
Checking for directory "./2381"
 Directory                ...	Exists!
2381/AlekseevichAS
