__
Checking for directory "./4303/OsmolovskyPD"
 Directory                ...	Exists!
Checking /paper_base directory for .pdf files
 Directory doesn't exist!
Checking for fact_result.md
 fact_result.md           ...	does not exist!
Checking for purpose-statement files...
     problem.md               ...	Exists!
     research_object.md       ...	Exists!
     research_subject.md      ...	Exists!
     goal.md                  ...	Exists!
     tasks.md                 ...	Exists!
     relevance.md             ...	Exists!
 All required files exist!
  Counting symbols...
    problem.md               ...	113 symbols
    research_object.md       ...	56 symbols
    research_subject.md      ...	131 symbols
    goal.md                  ...	123 symbols
    tasks.md                 ...	179 symbols
    relevance.md             ...	627 symbols
  All files               ...	1229 symbols
  Number of symbols in purpose statement's        ...	Good.
Checking for analogs.md
 analogs.md               ...	Exists!
    analogs.md               ...	2632 symbols
  Number of symbols in analogs.md                 ...	Good.
  Analogs title!          ...	Exists!
   Number of analogs     ...	Good.
  Criterias title!        ...	Exists!
   Number of analogs     ...	Good.
  There is no Sources title!
Checking for solution_method_selection.md
 solution_method_selection.md       ...	Exists!
    solution_method_selection.md...	721 symbols
  Number of symbols in solution_method_selection.md                   ...	Not enough. Min = 1000
Checking for solution_method_description.md
 solution_method_description.md     ...	Exists!
    solution_method_description.md...	1090 symbols
  Number of symbols in solution_method_description.md                 ...	Not enough. Min = 3000
  There is no Description title!
  There is no Sources title!
Checking for solution_method_evaluation.md
 solution_method_evaluation.md      ...	does not exist!
Checking for conclusions.md
 conclusions.md                     ...	Exists!
    conclusions.md           ...	510 symbols
  Number of symbols in conclusions.md                                 ...	Good.
Checking for abstract.md
 abstract.md                        ...	Exists!
    abstract.md              ...	571 symbols
  Number of symbols in abstract.md                                    ...	Good.
Checking for paper.md
 paper.md                           ...	Exists!
Checking for paper.pdf
 paper.pdf                          ...	does not exist!
Checking for paper.docx/odt/tex
 paper.docx/odt/tex                 ...	Exists!
Checking for directory "./6304"
 Directory                ...	Exists!
6304/PutkovDA
