__
Checking for directory "./4303/PolushinaYI"
 Directory                ...	Exists!
Checking /paper_base directory for .pdf files
 Directory doesn't exist!
Checking for fact_result.md
 fact_result.md           ...	does not exist!
Checking for purpose-statement files...
     problem.md               ...	Doesn't exist!
     research_object.md       ...	Doesn't exist!
     research_subject.md      ...	Doesn't exist!
     goal.md                  ...	Doesn't exist!
     tasks.md                 ...	Doesn't exist!
     relevance.md             ...	Doesn't exist!
 Not all of required files exist!
Checking for analogs.md
 analogs.md               ...	does not exist!
Checking for directory "./6304"
 Directory                ...	Exists!
6304/PutkovDA
