__
Checking for directory "./4381/MarushakJV"
 Directory                ...	Exists!
Checking /paper_base directory for .pdf files
 Directory                ...	Exists!
 .pdf files found:
  Процессы ЖЦ.pdf
Checking for fact_result.md
 fact_result.md           ...	Exists!
    fact_result.md           ...	258 symbols
  Number of symbols in fact_result.md             ...	Not enough. Min = 1200
Checking for purpose-statement files...
     problem.md               ...	Exists!
     research_object.md       ...	Exists!
     research_subject.md      ...	Exists!
     goal.md                  ...	Exists!
     tasks.md                 ...	Exists!
     relevance.md             ...	Exists!
 All required files exist!
  Counting symbols...
    problem.md               ...	257 symbols
    research_object.md       ...	84 symbols
    research_subject.md      ...	94 symbols
    goal.md                  ...	123 symbols
    tasks.md                 ...	217 symbols
    relevance.md             ...	1311 symbols
  All files               ...	2086 symbols
  Number of symbols in purpose statement's        ...	Good.
Checking for analogs.md
 analogs.md               ...	does not exist!
Checking for solution_method_selection.md
 solution_method_selection.md       ...	does not exist!
Checking for solution_method_description.md
 solution_method_description.md     ...	does not exist!
Checking for solution_method_evaluation.md
 solution_method_evaluation.md      ...	does not exist!
Checking for conclusions.md
 conclusions.md                     ...	does not exist!
Checking for abstract.md
 abstract.md                        ...	Exists!
    abstract.md              ...	258 symbols
  Number of symbols in abstract.md                                    ...	Not enough. Min = 400
Checking for paper.md
 paper.md                           ...	Exists!
Checking for paper.pdf
 paper.pdf                          ...	Exists!
Checking for paper.docx/odt/tex
 paper.docx/odt/tex                 ...	Exists!
Checking for directory "./4383"
 Directory                ...	Exists!
4383/KozlovskykhEB
