__
Checking for directory "./4381/PopovaDE"
 Directory                ...	Exists!
Checking /paper_base directory for .pdf files
 Directory                ...	Exists!
 .pdf files found:
  paper.pdf
Checking for fact_result.md
 fact_result.md           ...	Exists!
    fact_result.md           ...	1356 symbols
  Number of symbols in fact_result.md             ...	Good.
Checking for purpose-statement files...
     problem.md               ...	Exists!
     research_object.md       ...	Exists!
     research_subject.md      ...	Exists!
     goal.md                  ...	Exists!
     tasks.md                 ...	Exists!
     relevance.md             ...	Exists!
 All required files exist!
  Counting symbols...
    problem.md               ...	176 symbols
    research_object.md       ...	63 symbols
    research_subject.md      ...	87 symbols
    goal.md                  ...	157 symbols
    tasks.md                 ...	232 symbols
    relevance.md             ...	1122 symbols
  All files               ...	1837 symbols
  Number of symbols in purpose statement's        ...	Good.
Checking for analogs.md
 analogs.md               ...	Exists!
    analogs.md               ...	2621 symbols
  Number of symbols in analogs.md                 ...	Good.
  There is no Analogs title!
  There is no Criterias title!
  Sources title!          ...	Exists!
   Number of sources     ...	At least 1! Good!
Checking for solution_method_selection.md
 solution_method_selection.md       ...	Exists!
    solution_method_selection.md...	6833 symbols
  Number of symbols in solution_method_selection.md                   ...	Good.
Checking for solution_method_description.md
 solution_method_description.md     ...	Exists!
    solution_method_description.md...	2717 symbols
  Number of symbols in solution_method_description.md                 ...	Not enough. Min = 3000
  There is no Description title!
  There is no Sources title!
Checking for solution_method_evaluation.md
 solution_method_evaluation.md      ...	Exists!
    solution_method_evaluation.md...	1379 symbols
  Number of symbols in solution_method_evaluation.md                  ...	Not enough. Min = 3000
  Evaluation title!       ...	Exists!
  There is no Sources title!
Checking for conclusions.md
 conclusions.md                     ...	Exists!
    conclusions.md           ...	691 symbols
  Number of symbols in conclusions.md                                 ...	Good.
Checking for abstract.md
 abstract.md                        ...	does not exist!
Checking for paper.md
 paper.md                           ...	Exists!
Checking for paper.pdf
 paper.pdf                          ...	does not exist!
Checking for paper.docx/odt/tex
 paper.docx/odt/tex                 ...	Exists!
Checking for directory "./4383"
 Directory                ...	Exists!
4383/KozlovskykhEB
