__
Checking for directory "./4381/NikitinaEV"
 Directory                ...	Exists!
Checking /paper_base directory for .pdf files
 Directory doesn't exist!
Checking for fact_result.md
 fact_result.md           ...	Exists!
    fact_result.md           ...	1046 symbols
  Number of symbols in fact_result.md             ...	Not enough. Min = 1200
Checking for purpose-statement files...
     problem.md               ...	Exists!
     research_object.md       ...	Exists!
     research_subject.md      ...	Exists!
     goal.md                  ...	Exists!
     tasks.md                 ...	Exists!
     relevance.md             ...	Exists!
 All required files exist!
  Counting symbols...
    problem.md               ...	206 symbols
    research_object.md       ...	62 symbols
    research_subject.md      ...	83 symbols
    goal.md                  ...	157 symbols
    tasks.md                 ...	222 symbols
    relevance.md             ...	126 symbols
  All files               ...	856 symbols
  Number of symbols in purpose statement's        ...	Good.
Checking for analogs.md
 analogs.md               ...	Exists!
    analogs.md               ...	2304 symbols
  Number of symbols in analogs.md                 ...	Good.
  Analogs title!          ...	Exists!
   Number of analogs     ...	Good.
  Criterias title!        ...	Exists!
   Number of analogs     ...	Good.
  Sources title!          ...	Exists!
   Number of sources     ...	At least 1! Good!
Checking for solution_method_selection.md
 solution_method_selection.md       ...	does not exist!
Checking for solution_method_description.md
 solution_method_description.md     ...	does not exist!
Checking for solution_method_evaluation.md
 solution_method_evaluation.md      ...	does not exist!
Checking for conclusions.md
 conclusions.md                     ...	does not exist!
Checking for abstract.md
 abstract.md                        ...	does not exist!
Checking for paper.md
 paper.md                           ...	Exists!
Checking for paper.pdf
 paper.pdf                          ...	does not exist!
Checking for paper.docx/odt/tex
 paper.docx/odt/tex                 ...	does not exist!
4381/LaptsevichDA
