__
Checking for directory "./4383/DronnikovIM"
 Directory                ...	Exists!
Checking /paper_base directory for .pdf files
 Directory                ...	Exists!
 .pdf files found:
  tle_sgp4_modeling.pdf
  tle.pdf
  methods_of_counting_area.pdf
Checking for fact_result.md
 fact_result.md           ...	Exists!
    fact_result.md           ...	988 symbols
  Number of symbols in fact_result.md             ...	Not enough. Min = 1200
Checking for purpose-statement files...
     problem.md               ...	Doesn't exist!
     research_object.md       ...	Doesn't exist!
     research_subject.md      ...	Doesn't exist!
     goal.md                  ...	Doesn't exist!
     tasks.md                 ...	Doesn't exist!
     relevance.md             ...	Doesn't exist!
 Not all of required files exist!
Checking for analogs.md
 analogs.md               ...	does not exist!
Checking for solution_method_selection.md
 solution_method_selection.md       ...	does not exist!
Checking for solution_method_description.md
 solution_method_description.md     ...	does not exist!
Checking for solution_method_evaluation.md
 solution_method_evaluation.md      ...	does not exist!
Checking for conclusions.md
 conclusions.md                     ...	does not exist!
Checking for abstract.md
 abstract.md                        ...	does not exist!
4383/GordeevaTV
