__
Checking for directory "./4383/KozlovskykhEB"
 Directory                ...	Exists!
Checking /paper_base directory for .pdf files
 Directory doesn't exist!
Checking for fact_result.md
 fact_result.md           ...	does not exist!
Checking for purpose-statement files...
     problem.md               ...	Exists!
     research_object.md       ...	Exists!
     research_subject.md      ...	Exists!
     goal.md                  ...	Exists!
     tasks.md                 ...	Exists!
     relevance.md             ...	Exists!
 All required files exist!
  Counting symbols...
    problem.md               ...	Empty!
    research_object.md       ...	Empty!
    research_subject.md      ...	Empty!
    goal.md                  ...	Empty!
    tasks.md                 ...	Empty!
    relevance.md             ...	Empty!
  All files are empty!
  Number of symbols in purpose statement's        ...	Not enough. Min = 300
Checking for analogs.md
 analogs.md               ...	does not exist!
Checking for solution_method_selection.md
 solution_method_selection.md       ...	does not exist!
Checking for solution_method_description.md
 solution_method_description.md     ...	does not exist!
Checking for solution_method_evaluation.md
 solution_method_evaluation.md      ...	does not exist!
Checking for conclusions.md
 conclusions.md                     ...	does not exist!
Checking for abstract.md
 abstract.md                        ...	does not exist!
Checking for paper.md
 paper.md                           ...	does not exist!
Checking for paper.pdf
 paper.pdf                          ...	does not exist!
Checking for paper.docx/odt/tex
 paper.docx/odt/tex                 ...	does not exist!
4383/KhudiakovaDD
