__
Checking for directory "./6304/PutkovDA"
 Directory                ...	Exists!
Checking /paper_base directory for .pdf files
 Directory doesn't exist!
Checking for fact_result.md
 fact_result.md           ...	Exists!
    fact_result.md           ...	1515 symbols
  Number of symbols in fact_result.md             ...	Good.
Checking for purpose-statement files...
     problem.md               ...	Exists!
     research_object.md       ...	Exists!
     research_subject.md      ...	Exists!
     goal.md                  ...	Exists!
     tasks.md                 ...	Exists!
     relevance.md             ...	Exists!
 All required files exist!
  Counting symbols...
    problem.md               ...	107 symbols
    research_object.md       ...	61 symbols
    research_subject.md      ...	176 symbols
    goal.md                  ...	173 symbols
    tasks.md                 ...	218 symbols
    relevance.md             ...	394 symbols
  All files               ...	1129 symbols
  Number of symbols in purpose statement's        ...	Good.
Checking for analogs.md
 analogs.md               ...	Exists!
    analogs.md               ...	1683 symbols
  Number of symbols in analogs.md                 ...	Not enough. Min = 2000
  Analogs title!          ...	Exists!
   Number of analogs     ...	Good.
  There is no Criterias title!
  There is no Sources title!
Checking for directory "./3304"
 Directory                ...	Exists!
3304/BleesEI
